{"level":"info","message":"Welcome to acquisitions","service":"acquisitions-api"}
{"level":"info","message":"::1 - - [20/Sep/2025:11:10:12 +0000] \"GET / HTTP/1.1\" 304 - \"-\" \"Mozilla/5.0 (Windows NT 10.0; Win64; x64) AppleWebKit/537.36 (KHTML, like Gecko) Chrome/140.0.0.0 Safari/537.36\"","service":"acquisitions-api"}
{"level":"info","message":"Welcome to acquisitions","service":"acquisitions-api"}
{"level":"info","message":"::1 - - [20/Sep/2025:11:22:55 +0000] \"GET / HTTP/1.1\" 200 23 \"-\" \"HTTPie\"","service":"acquisitions-api"}
{"level":"info","message":"::1 - - [20/Sep/2025:11:23:19 +0000] \"GET /api HTTP/1.1\" 200 41 \"-\" \"HTTPie\"","service":"acquisitions-api"}
{"level":"info","message":"::1 - - [20/Sep/2025:11:23:26 +0000] \"GET /api/health HTTP/1.1\" 404 149 \"-\" \"HTTPie\"","service":"acquisitions-api"}
{"level":"info","message":"::1 - - [20/Sep/2025:11:23:52 +0000] \"GET /api/health HTTP/1.1\" 404 149 \"-\" \"HTTPie\"","service":"acquisitions-api"}
{"level":"info","message":"::1 - - [20/Sep/2025:11:24:07 +0000] \"GET /api/health HTTP/1.1\" 404 149 \"-\" \"HTTPie\"","service":"acquisitions-api"}
{"level":"info","message":"::1 - - [20/Sep/2025:11:24:09 +0000] \"GET /api/health HTTP/1.1\" 404 149 \"-\" \"HTTPie\"","service":"acquisitions-api"}
{"level":"info","message":"::1 - - [20/Sep/2025:11:24:09 +0000] \"GET /api/health HTTP/1.1\" 404 149 \"-\" \"HTTPie\"","service":"acquisitions-api"}
{"level":"info","message":"::1 - - [20/Sep/2025:11:24:35 +0000] \"GET /health HTTP/1.1\" 200 72 \"-\" \"HTTPie\"","service":"acquisitions-api"}
{"level":"info","message":"::1 - - [20/Sep/2025:11:25:09 +0000] \"POST /api/auth/sign-in HTTP/1.1\" 200 31 \"-\" \"HTTPie\"","service":"acquisitions-api"}
{"level":"info","message":"::1 - - [21/Sep/2025:07:01:27 +0000] \"POST /api/auth/sign-in HTTP/1.1\" 200 31 \"-\" \"HTTPie\"","service":"acquisitions-api"}
{"level":"info","message":"::1 - - [21/Sep/2025:07:03:58 +0000] \"POST /health HTTP/1.1\" 404 146 \"-\" \"HTTPie\"","service":"acquisitions-api"}
{"level":"info","message":"::1 - - [21/Sep/2025:07:04:02 +0000] \"GET /health HTTP/1.1\" 200 75 \"-\" \"HTTPie\"","service":"acquisitions-api"}
{"level":"info","message":"::1 - - [21/Sep/2025:07:17:31 +0000] \"POST /api/auth/sign-up HTTP/1.1\" 400 92 \"-\" \"HTTPie\"","service":"acquisitions-api"}
{"level":"info","message":"User registered successfully: contact@mail.com","service":"acquisitions-api"}
{"level":"info","message":"::1 - - [21/Sep/2025:07:18:45 +0000] \"POST /api/auth/sign-up HTTP/1.1\" 201 101 \"-\" \"HTTPie\"","service":"acquisitions-api"}
{"level":"info","message":"User registered successfully: contact@mail.com","service":"acquisitions-api"}
{"level":"info","message":"::1 - - [21/Sep/2025:07:18:51 +0000] \"POST /api/auth/sign-up HTTP/1.1\" 201 101 \"-\" \"HTTPie\"","service":"acquisitions-api"}
{"level":"info","message":"User registered successfully: contact@mail.com","service":"acquisitions-api"}
{"level":"info","message":"::1 - - [21/Sep/2025:07:18:53 +0000] \"POST /api/auth/sign-up HTTP/1.1\" 201 101 \"-\" \"HTTPie\"","service":"acquisitions-api"}
{"level":"info","message":"User registered successfully: contact@mail.com","service":"acquisitions-api"}
{"level":"info","message":"::1 - - [21/Sep/2025:07:18:54 +0000] \"POST /api/auth/sign-up HTTP/1.1\" 201 101 \"-\" \"HTTPie\"","service":"acquisitions-api"}
{"level":"info","message":"User registered successfully: contact@mail.com","service":"acquisitions-api"}
{"level":"info","message":"::1 - - [21/Sep/2025:07:18:54 +0000] \"POST /api/auth/sign-up HTTP/1.1\" 201 101 \"-\" \"HTTPie\"","service":"acquisitions-api"}
{"level":"info","message":"User registered successfully: contact@mail.com","service":"acquisitions-api"}
{"level":"info","message":"::1 - - [21/Sep/2025:07:18:55 +0000] \"POST /api/auth/sign-up HTTP/1.1\" 201 101 \"-\" \"HTTPie\"","service":"acquisitions-api"}
{"level":"info","message":"User registered successfully: contact@mail.com","service":"acquisitions-api"}
{"level":"info","message":"::1 - - [21/Sep/2025:07:18:55 +0000] \"POST /api/auth/sign-up HTTP/1.1\" 201 101 \"-\" \"HTTPie\"","service":"acquisitions-api"}
{"level":"info","message":"User registered successfully: contact@mail.com","service":"acquisitions-api"}
{"level":"info","message":"::1 - - [21/Sep/2025:07:18:56 +0000] \"POST /api/auth/sign-up HTTP/1.1\" 201 101 \"-\" \"HTTPie\"","service":"acquisitions-api"}
{"level":"info","message":"User registered successfully: contact@mail.com","service":"acquisitions-api"}
{"level":"info","message":"::1 - - [21/Sep/2025:07:18:56 +0000] \"POST /api/auth/sign-up HTTP/1.1\" 201 101 \"-\" \"HTTPie\"","service":"acquisitions-api"}
{"level":"info","message":"User registered successfully: contact@mail.com","service":"acquisitions-api"}
{"level":"info","message":"::1 - - [21/Sep/2025:07:18:56 +0000] \"POST /api/auth/sign-up HTTP/1.1\" 201 101 \"-\" \"HTTPie\"","service":"acquisitions-api"}
{"level":"info","message":"User registered successfully: contact@mail.com","service":"acquisitions-api"}
{"level":"info","message":"::1 - - [21/Sep/2025:07:18:56 +0000] \"POST /api/auth/sign-up HTTP/1.1\" 201 101 \"-\" \"HTTPie\"","service":"acquisitions-api"}
{"level":"info","message":"User registered successfully: contact@mail.com","service":"acquisitions-api"}
{"level":"info","message":"::1 - - [21/Sep/2025:07:18:57 +0000] \"POST /api/auth/sign-up HTTP/1.1\" 201 101 \"-\" \"HTTPie\"","service":"acquisitions-api"}
{"level":"info","message":"User registered successfully: contact@mail.com","service":"acquisitions-api"}
{"level":"info","message":"::1 - - [21/Sep/2025:07:18:57 +0000] \"POST /api/auth/sign-up HTTP/1.1\" 201 101 \"-\" \"HTTPie\"","service":"acquisitions-api"}
{"level":"info","message":"User registered successfully: contact@mail.com","service":"acquisitions-api"}
{"level":"info","message":"::1 - - [21/Sep/2025:07:18:57 +0000] \"POST /api/auth/sign-up HTTP/1.1\" 201 101 \"-\" \"HTTPie\"","service":"acquisitions-api"}
{"level":"info","message":"User registered successfully: contact@mail.com","service":"acquisitions-api"}
{"level":"info","message":"::1 - - [21/Sep/2025:07:18:57 +0000] \"POST /api/auth/sign-up HTTP/1.1\" 201 101 \"-\" \"HTTPie\"","service":"acquisitions-api"}
{"level":"info","message":"User registered successfully: contact@mail.com","service":"acquisitions-api"}
{"level":"info","message":"::1 - - [21/Sep/2025:07:18:57 +0000] \"POST /api/auth/sign-up HTTP/1.1\" 201 101 \"-\" \"HTTPie\"","service":"acquisitions-api"}
{"level":"info","message":"User registered successfully: contact@mail.com","service":"acquisitions-api"}
{"level":"info","message":"::1 - - [21/Sep/2025:07:18:57 +0000] \"POST /api/auth/sign-up HTTP/1.1\" 201 101 \"-\" \"HTTPie\"","service":"acquisitions-api"}
{"level":"info","message":"User registered successfully: contact@mail.com","service":"acquisitions-api"}
{"level":"info","message":"::1 - - [21/Sep/2025:07:18:58 +0000] \"POST /api/auth/sign-up HTTP/1.1\" 201 101 \"-\" \"HTTPie\"","service":"acquisitions-api"}
{"level":"error","message":"Error hashing the password: Error: Unrecognized hash format: 123456_hex","service":"acquisitions-api"}
{"level":"error","message":"Error creating the user: Error: Error hashing","service":"acquisitions-api"}
{"level":"error","message":"Signup error Error hashing","service":"acquisitions-api","stack":"Error: Error hashing\n    at hashPassword (file:///C:/Users/alvin/Documents/Project/Devops/acquisitions/src/services/auth.service.js:12:11)\n    at createUser (file:///C:/Users/alvin/Documents/Project/Devops/acquisitions/src/services/auth.service.js:36:33)\n    at process.processTicksAndRejections (node:internal/process/task_queues:95:5)\n    at async signup (file:///C:/Users/alvin/Documents/Project/Devops/acquisitions/src/controllers/auth.controller.js:20:20)"}
{"level":"info","message":"::1 - - [21/Sep/2025:07:29:47 +0000] \"POST /api/auth/sign-up HTTP/1.1\" 500 639 \"-\" \"HTTPie\"","service":"acquisitions-api"}
{"level":"error","message":"Error hashing the password: Error: Unrecognized hash format: 123456_hex","service":"acquisitions-api"}
{"level":"error","message":"Error creating the user: Error: Error hashing","service":"acquisitions-api"}
{"level":"error","message":"Signup error Error hashing","service":"acquisitions-api","stack":"Error: Error hashing\n    at hashPassword (file:///C:/Users/alvin/Documents/Project/Devops/acquisitions/src/services/auth.service.js:12:11)\n    at createUser (file:///C:/Users/alvin/Documents/Project/Devops/acquisitions/src/services/auth.service.js:36:33)\n    at process.processTicksAndRejections (node:internal/process/task_queues:95:5)\n    at async signup (file:///C:/Users/alvin/Documents/Project/Devops/acquisitions/src/controllers/auth.controller.js:20:20)"}
{"level":"info","message":"::1 - - [21/Sep/2025:07:31:57 +0000] \"POST /api/auth/sign-up HTTP/1.1\" 500 639 \"-\" \"HTTPie\"","service":"acquisitions-api"}
{"level":"info","message":"::1 - - [21/Sep/2025:07:34:37 +0000] \"GET /api/run-workflow HTTP/1.1\" 404 155 \"-\" \"Mozilla/5.0 (Windows NT 10.0; Win64; x64) AppleWebKit/537.36 (KHTML, like Gecko) Chrome/140.0.0.0 Safari/537.36\"","service":"acquisitions-api"}
{"level":"info","message":"::1 - - [21/Sep/2025:07:34:38 +0000] \"GET /api/run-workflow HTTP/1.1\" 404 155 \"-\" \"Mozilla/5.0 (Windows NT 10.0; Win64; x64) AppleWebKit/537.36 (KHTML, like Gecko) Chrome/140.0.0.0 Safari/537.36\"","service":"acquisitions-api"}
{"level":"error","message":"Error hashing the password: Error: Unrecognized hash format: 123456_hex","service":"acquisitions-api"}
{"level":"error","message":"Error creating the user: Error: Error hashing","service":"acquisitions-api"}
{"level":"error","message":"Signup error Error hashing","service":"acquisitions-api","stack":"Error: Error hashing\n    at hashPassword (file:///C:/Users/alvin/Documents/Project/Devops/acquisitions/src/services/auth.service.js:12:11)\n    at createUser (file:///C:/Users/alvin/Documents/Project/Devops/acquisitions/src/services/auth.service.js:36:33)\n    at process.processTicksAndRejections (node:internal/process/task_queues:95:5)\n    at async signup (file:///C:/Users/alvin/Documents/Project/Devops/acquisitions/src/controllers/auth.controller.js:20:20)"}
{"level":"info","message":"::1 - - [21/Sep/2025:07:36:06 +0000] \"POST /api/auth/sign-up HTTP/1.1\" 500 639 \"-\" \"HTTPie\"","service":"acquisitions-api"}
{"level":"error","message":"Error hashing the password: Error: Unrecognized hash format: 123456_hex","service":"acquisitions-api"}
{"level":"error","message":"Error creating the user: Error: Error hashing","service":"acquisitions-api"}
{"level":"error","message":"Signup error Error hashing","service":"acquisitions-api","stack":"Error: Error hashing\n    at hashPassword (file:///C:/Users/alvin/Documents/Project/Devops/acquisitions/src/services/auth.service.js:13:11)\n    at createUser (file:///C:/Users/alvin/Documents/Project/Devops/acquisitions/src/services/auth.service.js:37:33)\n    at process.processTicksAndRejections (node:internal/process/task_queues:95:5)\n    at async signup (file:///C:/Users/alvin/Documents/Project/Devops/acquisitions/src/controllers/auth.controller.js:20:20)"}
{"level":"info","message":"::1 - - [21/Sep/2025:07:36:42 +0000] \"POST /api/auth/sign-up HTTP/1.1\" 500 639 \"-\" \"HTTPie\"","service":"acquisitions-api"}
{"level":"info","message":"User admin@mail.com created successfully","service":"acquisitions-api"}
{"level":"info","message":"User registered successfully: admin@mail.com","service":"acquisitions-api"}
{"level":"info","message":"::1 - - [21/Sep/2025:07:38:58 +0000] \"POST /api/auth/sign-up HTTP/1.1\" 201 100 \"-\" \"HTTPie\"","service":"acquisitions-api"}
{"level":"info","message":"User alvin@mail.com created successfully","service":"acquisitions-api"}
{"level":"info","message":"User registered successfully: alvin@mail.com","service":"acquisitions-api"}
{"level":"info","message":"::1 - - [21/Sep/2025:07:47:34 +0000] \"POST /api/auth/sign-up HTTP/1.1\" 201 99 \"-\" \"HTTPie\"","service":"acquisitions-api"}
{"level":"info","message":"User alvin@mail.com authenticated successfully","service":"acquisitions-api"}
{"level":"info","message":"User signed in successfully: alvin@mail.com","service":"acquisitions-api"}
{"level":"info","message":"::1 - - [21/Sep/2025:08:16:21 +0000] \"POST /api/auth/sign-in HTTP/1.1\" 200 111 \"-\" \"HTTPie\"","service":"acquisitions-api"}
{"level":"info","message":"User signed out successfully","service":"acquisitions-api"}
{"level":"info","message":"::1 - - [21/Sep/2025:08:16:43 +0000] \"POST /api/auth/sign-out HTTP/1.1\" 200 42 \"-\" \"HTTPie\"","service":"acquisitions-api"}
